<?xml version="1.0" encoding="UTF-8"?>
<!-- Generated by org.testng.reporters.JUnitXMLReporter -->
<testsuite ignored="0" hostname="DESKTOP-S3RV3MH" failures="5" tests="5" name="RestAPI_Test" time="8.339" errors="0" timestamp="2020-12-16T16:03:31 IST">
  <testcase classname="dummyapiexample.restapi.tests.RestAPIExampleTests" name="createValidateAndDeleteEmployeeRecord" time="2.824">
    <failure type="java.lang.ClassCastException" message="class java.util.LinkedHashMap cannot be cast to class java.util.List (java.util.LinkedHashMap and java.util.List are in module java.base of loader &amp;apos;bootstrap&amp;apos;)">
      <![CDATA[java.lang.ClassCastException: class java.util.LinkedHashMap cannot be cast to class java.util.List (java.util.LinkedHashMap and java.util.List are in module java.base of loader 'bootstrap')
at io.restassured.path.json.JsonPath.getList(JsonPath.java:375)
at dummyapiexample.restassured.methods.RestHttpMethods.getAllEmployeesRecords(RestHttpMethods.java:63)
at dummyapiexample.restapi.tests.RestAPIExampleTests.createValidateAndDeleteEmployeeRecord(RestAPIExampleTests.java:56)
at java.base/java.util.ArrayList.forEach(ArrayList.java:1540)
... Removed 27 stack frames]]>
    </failure>
  </testcase> <!-- createValidateAndDeleteEmployeeRecord -->
  <testcase classname="dummyapiexample.restapi.tests.RestAPIExampleTests" name="createValidateAndDeleteEmployeeRecord" time="1.166">
    <failure type="java.lang.ClassCastException" message="class java.util.LinkedHashMap cannot be cast to class java.util.List (java.util.LinkedHashMap and java.util.List are in module java.base of loader &amp;apos;bootstrap&amp;apos;)">
      <![CDATA[java.lang.ClassCastException: class java.util.LinkedHashMap cannot be cast to class java.util.List (java.util.LinkedHashMap and java.util.List are in module java.base of loader 'bootstrap')
at io.restassured.path.json.JsonPath.getList(JsonPath.java:375)
at dummyapiexample.restassured.methods.RestHttpMethods.getAllEmployeesRecords(RestHttpMethods.java:63)
at dummyapiexample.restapi.tests.RestAPIExampleTests.createValidateAndDeleteEmployeeRecord(RestAPIExampleTests.java:56)
at java.base/java.util.ArrayList.forEach(ArrayList.java:1540)
... Removed 27 stack frames]]>
    </failure>
  </testcase> <!-- createValidateAndDeleteEmployeeRecord -->
  <testcase classname="dummyapiexample.restapi.tests.RestAPIExampleTests" name="createValidateAndDeleteEmployeeRecord" time="1.07">
    <failure type="java.lang.ClassCastException" message="class java.util.LinkedHashMap cannot be cast to class java.util.List (java.util.LinkedHashMap and java.util.List are in module java.base of loader &amp;apos;bootstrap&amp;apos;)">
      <![CDATA[java.lang.ClassCastException: class java.util.LinkedHashMap cannot be cast to class java.util.List (java.util.LinkedHashMap and java.util.List are in module java.base of loader 'bootstrap')
at io.restassured.path.json.JsonPath.getList(JsonPath.java:375)
at dummyapiexample.restassured.methods.RestHttpMethods.getAllEmployeesRecords(RestHttpMethods.java:63)
at dummyapiexample.restapi.tests.RestAPIExampleTests.createValidateAndDeleteEmployeeRecord(RestAPIExampleTests.java:56)
at java.base/java.util.ArrayList.forEach(ArrayList.java:1540)
... Removed 27 stack frames]]>
    </failure>
  </testcase> <!-- createValidateAndDeleteEmployeeRecord -->
  <testcase classname="dummyapiexample.restapi.tests.RestAPIExampleTests" name="getSpecificEmployeeIdRecord" time="2.447">
    <failure type="java.lang.NullPointerException">
      <![CDATA[java.lang.NullPointerException
at dummyapiexample.restassured.methods.RestHttpMethods.verifyValueOfAFieldForEmployeeId(RestHttpMethods.java:107)
at dummyapiexample.restapi.tests.RestAPIExampleTests.getSpecificEmployeeIdRecord(RestAPIExampleTests.java:43)
at java.base/java.util.ArrayList.forEach(ArrayList.java:1540)
... Removed 27 stack frames]]>
    </failure>
  </testcase> <!-- getSpecificEmployeeIdRecord -->
  <testcase classname="dummyapiexample.restapi.tests.RestAPIExampleTests" name="retrieveAllEmployeeRecords" time="0.089">
    <failure type="java.lang.ClassCastException" message="class java.util.LinkedHashMap cannot be cast to class java.util.List (java.util.LinkedHashMap and java.util.List are in module java.base of loader &amp;apos;bootstrap&amp;apos;)">
      <![CDATA[java.lang.ClassCastException: class java.util.LinkedHashMap cannot be cast to class java.util.List (java.util.LinkedHashMap and java.util.List are in module java.base of loader 'bootstrap')
at io.restassured.path.json.JsonPath.getList(JsonPath.java:375)
at dummyapiexample.restassured.methods.RestHttpMethods.getAllEmployeesRecords(RestHttpMethods.java:63)
at dummyapiexample.restapi.tests.RestAPIExampleTests.retrieveAllEmployeeRecords(RestAPIExampleTests.java:30)
at java.base/java.util.ArrayList.forEach(ArrayList.java:1540)
... Removed 27 stack frames]]>
    </failure>
  </testcase> <!-- retrieveAllEmployeeRecords -->
</testsuite> <!-- RestAPI_Test -->
