<?xml version="1.0" encoding="UTF-8"?>
<!-- Generated by org.testng.reporters.JUnitXMLReporter -->
<testsuite ignored="0" hostname="DESKTOP-S3RV3MH" failures="0" tests="2" name="Default test" time="4.172" errors="0" timestamp="2020-12-16T18:46:51 IST">
  <testcase classname="com.seneca.restapi.tests.RestAPIExampleTests" name="createValidateAndDeleteEmployeeRecord" time="2.849"/>
  <testcase classname="com.seneca.restapi.tests.RestAPIExampleTests" name="getEmployees" time="0.567"/>
</testsuite> <!-- Default test -->
