<?xml version="1.0" encoding="UTF-8"?>
<testng-results ignored="0" total="2" passed="2" failed="0" skipped="0">
  <reporter-output>
  </reporter-output>
  <suite started-at="2020-12-16T18:46:47 IST" name="Default suite" finished-at="2020-12-16T18:46:51 IST" duration-ms="4172">
    <groups>
    </groups>
    <test started-at="2020-12-16T18:46:47 IST" name="Default test" finished-at="2020-12-16T18:46:51 IST" duration-ms="4172">
      <class name="com.seneca.restapi.tests.RestAPIExampleTests">
        <test-method is-config="true" signature="beforeTest()[pri:0, instance:com.seneca.restapi.tests.RestAPIExampleTests@186f8716]" started-at="2020-12-16T18:46:47 IST" name="beforeTest" finished-at="2020-12-16T18:46:48 IST" duration-ms="704" status="PASS">
          <reporter-output>
          </reporter-output>
        </test-method> <!-- beforeTest -->
        <test-method signature="createValidateAndDeleteEmployeeRecord(java.lang.String, java.lang.String, int)[pri:0, instance:com.seneca.restapi.tests.RestAPIExampleTests@186f8716]" started-at="2020-12-16T18:46:48 IST" name="createValidateAndDeleteEmployeeRecord" data-provider="employeeDataProvider" finished-at="2020-12-16T18:46:51 IST" duration-ms="2849" status="PASS">
          <params>
            <param index="0">
              <value>
                <![CDATA[Kenvo12]]>
              </value>
            </param>
            <param index="1">
              <value>
                <![CDATA[345]]>
              </value>
            </param>
            <param index="2">
              <value>
                <![CDATA[28]]>
              </value>
            </param>
          </params>
          <reporter-output>
          </reporter-output>
        </test-method> <!-- createValidateAndDeleteEmployeeRecord -->
        <test-method signature="getEmployees()[pri:0, instance:com.seneca.restapi.tests.RestAPIExampleTests@186f8716]" started-at="2020-12-16T18:46:51 IST" name="getEmployees" finished-at="2020-12-16T18:46:51 IST" duration-ms="567" status="PASS">
          <reporter-output>
          </reporter-output>
        </test-method> <!-- getEmployees -->
        <test-method is-config="true" signature="afterTest()[pri:0, instance:com.seneca.restapi.tests.RestAPIExampleTests@186f8716]" started-at="2020-12-16T18:46:51 IST" name="afterTest" finished-at="2020-12-16T18:46:51 IST" duration-ms="1" status="PASS">
          <reporter-output>
          </reporter-output>
        </test-method> <!-- afterTest -->
      </class> <!-- com.seneca.restapi.tests.RestAPIExampleTests -->
    </test> <!-- Default test -->
  </suite> <!-- Default suite -->
</testng-results>
